# JRE version: Java(TM) SE Runtime Environment (8.0_161-b12) (build 1.8.0_161-b12)
# Java VM: Java HotSpot(TM) 64-Bit Server VM (25.161-b12 mixed mode windows-amd64 compressed oops)
Heap:
 PSYoungGen      total 141824K, used 106740K [0x000000076b400000, 0x0000000774900000, 0x00000007c0000000)
  eden space 131072K, 81% used [0x000000076b400000,0x0000000771c3d038,0x0000000773400000)
  from space 10752K, 0% used [0x0000000773e80000,0x0000000773e80000,0x0000000774900000)
  to   space 10752K, 0% used [0x0000000773400000,0x0000000773400000,0x0000000773e80000)
 ParOldGen       total 127488K, used 22366K [0x00000006c1c00000, 0x00000006c9880000, 0x000000076b400000)
  object space 127488K, 17% used [0x00000006c1c00000,0x00000006c31d7af8,0x00000006c9880000)
 Metaspace       used 25092K, capacity 26802K, committed 27008K, reserved 1073152K
  class space    used 3016K, capacity 3375K, committed 3456K, reserved 1048576K
GC Heap History (10 events):
Event: 1.525 GC heap before
{Heap before GC invocations=1 (full 0):
 PSYoungGen      total 76288K, used 65536K [0x000000076b400000, 0x0000000770900000, 0x00000007c0000000)
  eden space 65536K, 100% used [0x000000076b400000,0x000000076f400000,0x000000076f400000)
  from space 10752K, 0% used [0x000000076fe80000,0x000000076fe80000,0x0000000770900000)
  to   space 10752K, 0% used [0x000000076f400000,0x000000076f400000,0x000000076fe80000)
 ParOldGen       total 175104K, used 0K [0x00000006c1c00000, 0x00000006cc700000, 0x000000076b400000)
  object space 175104K, 0% used [0x00000006c1c00000,0x00000006c1c00000,0x00000006cc700000)
 Metaspace       used 11369K, capacity 11598K, committed 11776K, reserved 1060864K
  class space    used 1201K, capacity 1264K, committed 1280K, reserved 1048576K
Event: 1.540 GC heap after
Heap after GC invocations=1 (full 0):
 PSYoungGen      total 76288K, used 9483K [0x000000076b400000, 0x0000000770900000, 0x00000007c0000000)
  eden space 65536K, 0% used [0x000000076b400000,0x000000076b400000,0x000000076f400000)
  from space 10752K, 88% used [0x000000076f400000,0x000000076fd42cc8,0x000000076fe80000)
  to   space 10752K, 0% used [0x000000076fe80000,0x000000076fe80000,0x0000000770900000)
 ParOldGen       total 175104K, used 16K [0x00000006c1c00000, 0x00000006cc700000, 0x000000076b400000)
  object space 175104K, 0% used [0x00000006c1c00000,0x00000006c1c04000,0x00000006cc700000)
 Metaspace       used 11369K, capacity 11598K, committed 11776K, reserved 1060864K
  class space    used 1201K, capacity 1264K, committed 1280K, reserved 1048576K
}
Event: 2.152 GC heap before
{Heap before GC invocations=2 (full 0):
 PSYoungGen      total 76288K, used 75019K [0x000000076b400000, 0x0000000770900000, 0x00000007c0000000)
  eden space 65536K, 100% used [0x000000076b400000,0x000000076f400000,0x000000076f400000)
  from space 10752K, 88% used [0x000000076f400000,0x000000076fd42cc8,0x000000076fe80000)
  to   space 10752K, 0% used [0x000000076fe80000,0x000000076fe80000,0x0000000770900000)
 ParOldGen       total 175104K, used 16K [0x00000006c1c00000, 0x00000006cc700000, 0x000000076b400000)
  object space 175104K, 0% used [0x00000006c1c00000,0x00000006c1c04000,0x00000006cc700000)
 Metaspace       used 14070K, capacity 14350K, committed 14592K, reserved 1062912K
  class space    used 1417K, capacity 1520K, committed 1536K, reserved 1048576K
Event: 2.166 GC heap after
Heap after GC invocations=2 (full 0):
 PSYoungGen      total 76288K, used 10741K [0x000000076b400000, 0x0000000774900000, 0x00000007c0000000)
  eden space 65536K, 0% used [0x000000076b400000,0x000000076b400000,0x000000076f400000)
  from space 10752K, 99% used [0x000000076fe80000,0x00000007708fd7c0,0x0000000770900000)
  to   space 10752K, 0% used [0x000000076f400000,0x000000076f400000,0x000000076fe80000)
 ParOldGen       total 175104K, used 6237K [0x00000006c1c00000, 0x00000006cc700000, 0x000000076b400000)
  object space 175104K, 3% used [0x00000006c1c00000,0x00000006c2217578,0x00000006cc700000)
 Metaspace       used 14070K, capacity 14350K, committed 14592K, reserved 1062912K
  class space    used 1417K, capacity 1520K, committed 1536K, reserved 1048576K
}
Event: 2.774 GC heap before
{Heap before GC invocations=3 (full 0):
 PSYoungGen      total 76288K, used 76277K [0x000000076b400000, 0x0000000774900000, 0x00000007c0000000)
  eden space 65536K, 100% used [0x000000076b400000,0x000000076f400000,0x000000076f400000)
  from space 10752K, 99% used [0x000000076fe80000,0x00000007708fd7c0,0x0000000770900000)
  to   space 10752K, 0% used [0x000000076f400000,0x000000076f400000,0x000000076fe80000)
 ParOldGen       total 175104K, used 6237K [0x00000006c1c00000, 0x00000006cc700000, 0x000000076b400000)
  object space 175104K, 3% used [0x00000006c1c00000,0x00000006c2217578,0x00000006cc700000)
 Metaspace       used 16900K, capacity 17360K, committed 17664K, reserved 1064960K
  class space    used 1808K, capacity 1939K, committed 2048K, reserved 1048576K
Event: 2.789 GC heap after
Heap after GC invocations=3 (full 0):
 PSYoungGen      total 76288K, used 10741K [0x000000076b400000, 0x0000000774900000, 0x00000007c0000000)
  eden space 65536K, 0% used [0x000000076b400000,0x000000076b400000,0x000000076f400000)
  from space 10752K, 99% used [0x000000076f400000,0x000000076fe7d7c0,0x000000076fe80000)
  to   space 10752K, 0% used [0x0000000773e80000,0x0000000773e80000,0x0000000774900000)
 ParOldGen       total 175104K, used 13167K [0x00000006c1c00000, 0x00000006cc700000, 0x000000076b400000)
  object space 175104K, 7% used [0x00000006c1c00000,0x00000006c28dbf80,0x00000006cc700000)
 Metaspace       used 16900K, capacity 17360K, committed 17664K, reserved 1064960K
  class space    used 1808K, capacity 1939K, committed 2048K, reserved 1048576K
}
Event: 3.581 GC heap before
{Heap before GC invocations=4 (full 0):
 PSYoungGen      total 76288K, used 63218K [0x000000076b400000, 0x0000000774900000, 0x00000007c0000000)
  eden space 65536K, 80% used [0x000000076b400000,0x000000076e73f068,0x000000076f400000)
  from space 10752K, 99% used [0x000000076f400000,0x000000076fe7d7c0,0x000000076fe80000)
  to   space 10752K, 0% used [0x0000000773e80000,0x0000000773e80000,0x0000000774900000)
 ParOldGen       total 175104K, used 13167K [0x00000006c1c00000, 0x00000006cc700000, 0x000000076b400000)
  object space 175104K, 7% used [0x00000006c1c00000,0x00000006c28dbf80,0x00000006cc700000)
 Metaspace       used 19983K, capacity 21218K, committed 21248K, reserved 1069056K
  class space    used 2295K, capacity 2548K, committed 2560K, reserved 1048576K
Event: 3.592 GC heap after
Heap after GC invocations=4 (full 0):
 PSYoungGen      total 141824K, used 10741K [0x000000076b400000, 0x0000000774900000, 0x00000007c0000000)
  eden space 131072K, 0% used [0x000000076b400000,0x000000076b400000,0x0000000773400000)
  from space 10752K, 99% used [0x0000000773e80000,0x00000007748fd7e0,0x0000000774900000)
  to   space 10752K, 0% used [0x0000000773400000,0x0000000773400000,0x0000000773e80000)
 ParOldGen       total 175104K, used 18169K [0x00000006c1c00000, 0x00000006cc700000, 0x000000076b400000)
  object space 175104K, 10% used [0x00000006c1c00000,0x00000006c2dbe5c0,0x00000006cc700000)
 Metaspace       used 19983K, capacity 21218K, committed 21248K, reserved 1069056K
  class space    used 2295K, capacity 2548K, committed 2560K, reserved 1048576K
}
Event: 3.592 GC heap before
{Heap before GC invocations=5 (full 1):
 PSYoungGen      total 141824K, used 10741K [0x000000076b400000, 0x0000000774900000, 0x00000007c0000000)
  eden space 131072K, 0% used [0x000000076b400000,0x000000076b400000,0x0000000773400000)
  from space 10752K, 99% used [0x0000000773e80000,0x00000007748fd7e0,0x0000000774900000)
  to   space 10752K, 0% used [0x0000000773400000,0x0000000773400000,0x0000000773e80000)
 ParOldGen       total 175104K, used 18169K [0x00000006c1c00000, 0x00000006cc700000, 0x000000076b400000)
  object space 175104K, 10% used [0x00000006c1c00000,0x00000006c2dbe5c0,0x00000006cc700000)
 Metaspace       used 19983K, capacity 21218K, committed 21248K, reserved 1069056K
  class space    used 2295K, capacity 2548K, committed 2560K, reserved 1048576K
Event: 3.645 GC heap after
Heap after GC invocations=5 (full 1):
 PSYoungGen      total 141824K, used 0K [0x000000076b400000, 0x0000000774900000, 0x00000007c0000000)
  eden space 131072K, 0% used [0x000000076b400000,0x000000076b400000,0x0000000773400000)
  from space 10752K, 0% used [0x0000000773e80000,0x0000000773e80000,0x0000000774900000)
  to   space 10752K, 0% used [0x0000000773400000,0x0000000773400000,0x0000000773e80000)
 ParOldGen       total 127488K, used 22366K [0x00000006c1c00000, 0x00000006c9880000, 0x000000076b400000)
  object space 127488K, 17% used [0x00000006c1c00000,0x00000006c31d7af8,0x00000006c9880000)
 Metaspace       used 19983K, capacity 21218K, committed 21248K, reserved 1069056K
  class space    used 2295K, capacity 2548K, committed 2560K, reserved 1048576K
}

