# JRE version: Java(TM) SE Runtime Environment (8.0_161-b12) (build 1.8.0_161-b12)
# Java VM: Java HotSpot(TM) 64-Bit Server VM (25.161-b12 mixed mode windows-amd64 compressed oops)
Heap:
 PSYoungGen      total 76288K, used 17620K [0x000000076b400000, 0x0000000774900000, 0x00000007c0000000)
  eden space 65536K, 10% used [0x000000076b400000,0x000000076bab6ff0,0x000000076f400000)
  from space 10752K, 99% used [0x000000076fe80000,0x00000007708fe0c8,0x0000000770900000)
  to   space 10752K, 0% used [0x000000076f400000,0x000000076f400000,0x000000076fe80000)
 ParOldGen       total 175104K, used 9812K [0x00000006c1c00000, 0x00000006cc700000, 0x000000076b400000)
  object space 175104K, 5% used [0x00000006c1c00000,0x00000006c2595370,0x00000006cc700000)
 Metaspace       used 14283K, capacity 14542K, committed 14592K, reserved 1062912K
  class space    used 1444K, capacity 1520K, committed 1536K, reserved 1048576K
GC Heap History (4 events):
Event: 3.326 GC heap before
{Heap before GC invocations=1 (full 0):
 PSYoungGen      total 76288K, used 65536K [0x000000076b400000, 0x0000000770900000, 0x00000007c0000000)
  eden space 65536K, 100% used [0x000000076b400000,0x000000076f400000,0x000000076f400000)
  from space 10752K, 0% used [0x000000076fe80000,0x000000076fe80000,0x0000000770900000)
  to   space 10752K, 0% used [0x000000076f400000,0x000000076f400000,0x000000076fe80000)
 ParOldGen       total 175104K, used 0K [0x00000006c1c00000, 0x00000006cc700000, 0x000000076b400000)
  object space 175104K, 0% used [0x00000006c1c00000,0x00000006c1c00000,0x00000006cc700000)
 Metaspace       used 11496K, capacity 11758K, committed 11904K, reserved 1060864K
  class space    used 1214K, capacity 1296K, committed 1408K, reserved 1048576K
Event: 3.348 GC heap after
Heap after GC invocations=1 (full 0):
 PSYoungGen      total 76288K, used 9758K [0x000000076b400000, 0x0000000770900000, 0x00000007c0000000)
  eden space 65536K, 0% used [0x000000076b400000,0x000000076b400000,0x000000076f400000)
  from space 10752K, 90% used [0x000000076f400000,0x000000076fd87ac8,0x000000076fe80000)
  to   space 10752K, 0% used [0x000000076fe80000,0x000000076fe80000,0x0000000770900000)
 ParOldGen       total 175104K, used 16K [0x00000006c1c00000, 0x00000006cc700000, 0x000000076b400000)
  object space 175104K, 0% used [0x00000006c1c00000,0x00000006c1c04000,0x00000006cc700000)
 Metaspace       used 11496K, capacity 11758K, committed 11904K, reserved 1060864K
  class space    used 1214K, capacity 1296K, committed 1408K, reserved 1048576K
}
Event: 4.833 GC heap before
{Heap before GC invocations=2 (full 0):
 PSYoungGen      total 76288K, used 75294K [0x000000076b400000, 0x0000000770900000, 0x00000007c0000000)
  eden space 65536K, 100% used [0x000000076b400000,0x000000076f400000,0x000000076f400000)
  from space 10752K, 90% used [0x000000076f400000,0x000000076fd87ac8,0x000000076fe80000)
  to   space 10752K, 0% used [0x000000076fe80000,0x000000076fe80000,0x0000000770900000)
 ParOldGen       total 175104K, used 16K [0x00000006c1c00000, 0x00000006cc700000, 0x000000076b400000)
  object space 175104K, 0% used [0x00000006c1c00000,0x00000006c1c04000,0x00000006cc700000)
 Metaspace       used 14127K, capacity 14414K, committed 14592K, reserved 1062912K
  class space    used 1426K, capacity 1520K, committed 1536K, reserved 1048576K
Event: 4.862 GC heap after
Heap after GC invocations=2 (full 0):
 PSYoungGen      total 76288K, used 10744K [0x000000076b400000, 0x0000000774900000, 0x00000007c0000000)
  eden space 65536K, 0% used [0x000000076b400000,0x000000076b400000,0x000000076f400000)
  from space 10752K, 99% used [0x000000076fe80000,0x00000007708fe0c8,0x0000000770900000)
  to   space 10752K, 0% used [0x000000076f400000,0x000000076f400000,0x000000076fe80000)
 ParOldGen       total 175104K, used 9812K [0x00000006c1c00000, 0x00000006cc700000, 0x000000076b400000)
  object space 175104K, 5% used [0x00000006c1c00000,0x00000006c2595370,0x00000006cc700000)
 Metaspace       used 14127K, capacity 14414K, committed 14592K, reserved 1062912K
  class space    used 1426K, capacity 1520K, committed 1536K, reserved 1048576K
}

